0 info it worked if it ends with ok
1 verbose cli [ '/usr/bin/nodejs', '/usr/bin/npm', 'start' ]
2 info using npm@3.5.2
3 info using node@v4.2.6
4 verbose run-script [ 'prestart', 'start', 'poststart' ]
5 info lifecycle website@0.1.0~prestart: website@0.1.0
6 silly lifecycle website@0.1.0~prestart: no script for prestart, continuing
7 info lifecycle website@0.1.0~start: website@0.1.0
8 verbose lifecycle website@0.1.0~start: unsafe-perm in lifecycle true
9 verbose lifecycle website@0.1.0~start: PATH: /usr/share/npm/bin/node-gyp-bin:/mnt/c/Users/Ozone Kafley/cs373/perfect-fit/node_modules/.bin:/home/kafley/bin:/home/kafley/.local/bin:/usr/local/sbin:/usr/local/bin:/usr/sbin:/usr/bin:/sbin:/bin:/usr/games:/usr/local/games:/mnt/c/Program Files (x86)/Common Files/Oracle/Java/javapath:/mnt/c/ProgramData/Oracle/Java/javapath:/mnt/c/Windows/System32:/mnt/c/Windows:/mnt/c/Windows/System32/wbem:/mnt/c/Windows/System32/WindowsPowerShell/v1.0:/mnt/c/Program Files (x86)/NVIDIA Corporation/PhysX/Common:/mnt/c/Program Files/Java/jdk1.8.0_131/bin:/mnt/c/Program Files (x86)/GtkSharp/2.12/bin:/mnt/c/Windows/System32:/mnt/c/Windows:/mnt/c/Windows/System32/wbem:/mnt/c/Windows/System32/WindowsPowerShell/v1.0:/mnt/c/Windows/System32/OpenSSH:/mnt/c/Program Files (x86)/Calibre2:/mnt/c/Program Files/Git/cmd:/mnt/c/Program Files/dotnet:/mnt/c/Program Files/NVIDIA Corporation/NVIDIA NvDLISR:/mnt/c/Users/Ozone Kafley/AppData/Local/Programs/Python/Python37/Scripts:/mnt/c/Users/Ozone Kafley/AppData/Local/Programs/Python/Python37:/mnt/c/Users/Ozone Kafley/AppData/Local/Microsoft/WindowsApps:/mnt/c/Users/Ozone Kafley/Documents/flutter/bin:/mnt/c/Android/android_sdk_dir:/mnt/c/Users/Ozone Kafley/AppData/Local/Microsoft/WindowsApps:/mnt/c/Program Files/Docker Toolbox:/mnt/c/Users/Ozone Kafley/AppData/Local/Programs/Microsoft VS Code/bin:/snap/bin
10 verbose lifecycle website@0.1.0~start: CWD: /mnt/c/Users/Ozone Kafley/cs373/perfect-fit
11 silly lifecycle website@0.1.0~start: Args: [ '-c', 'react-scripts start' ]
12 info lifecycle website@0.1.0~start: Failed to exec start script
13 verbose stack Error: website@0.1.0 start: `react-scripts start`
13 verbose stack spawn ENOENT
13 verbose stack     at ChildProcess.<anonymous> (/usr/share/npm/lib/utils/spawn.js:17:16)
13 verbose stack     at emitTwo (events.js:87:13)
13 verbose stack     at ChildProcess.emit (events.js:172:7)
13 verbose stack     at maybeClose (internal/child_process.js:821:16)
13 verbose stack     at Process.ChildProcess._handle.onexit (internal/child_process.js:211:5)
14 verbose pkgid website@0.1.0
15 verbose cwd /mnt/c/Users/Ozone Kafley/cs373/perfect-fit
16 error Linux 4.4.0-17763-Microsoft
17 error argv "/usr/bin/nodejs" "/usr/bin/npm" "start"
18 error node v4.2.6
19 error npm  v3.5.2
20 error file sh
21 error code ELIFECYCLE
22 error errno ENOENT
23 error syscall spawn
24 error website@0.1.0 start: `react-scripts start`
24 error spawn ENOENT
25 error Failed at the website@0.1.0 start script 'react-scripts start'.
25 error Make sure you have the latest version of node.js and npm installed.
25 error If you do, this is most likely a problem with the website package,
25 error not with npm itself.
25 error Tell the author that this fails on your system:
25 error     react-scripts start
25 error You can get information on how to open an issue for this project with:
25 error     npm bugs website
25 error Or if that isn't available, you can get their info via:
25 error     npm owner ls website
25 error There is likely additional logging output above.
26 verbose exit [ 1, true ]
